<?xml version="1.0" encoding="UTF-8"?>
<winelist>
  <wine grape="Chardonnay">
    <winery>Benziger</winery>
    <product>Carneros</product>
  </wine>
</winelist>
