<employees>
  <employee>
    <name>
      <given>Peter</given>
      <family>Mueller</family>
    </name>
  </employee>
  <employee>
    <name>
      <given>Peter</given>
      <family>Möller</family>
    </name>
  </employee>
  <employee>
    <name>
      <given>Peter</given>
      <family>Märtens</family>
    </name>
  </employee>
</employees>
